Compiling the C compiler identification source file "CMakeCCompilerId.c" failed.
Compiler:  
Build flags: 
Id flags:  

The output was:
65
Command line invocation:
    /Applications/Xcode.app/Contents/Developer/usr/bin/xcodebuild

User defaults from command line:
    IDEPackageSupportUseBuiltinSCM = YES

Computing target dependency graph and provisioning inputs

Create build description
Build description signature: 44c1e8db15f5ab278d7ddb33f9315f23
Build description path: /Users/victor/Documents/cosim_edf/examples_mac/integrator_grt_fmi_rtw/CMakeFiles/3.22.2/CompilerIdC/./XCBuildData/44c1e8db15f5ab278d7ddb33f9315f23-desc.xcbuild

warning: Building targets in manual order is deprecated - check "Parallelize build for command-line builds" in the project editor, or set DISABLE_MANUAL_TARGET_ORDER_BUILD_WARNING in any of the targets in the current build to suppress this warning
error: An empty identity is not valid when signing a binary for the product type 'Command-line Tool'. (in target 'CompilerIdC' from project 'CompilerIdC')
warning: Traditional headermap style is no longer supported; please migrate to using separate headermaps and set 'ALWAYS_SEARCH_USER_PATHS' to NO. (in target 'CompilerIdC' from project 'CompilerIdC')
warning: Run script build phase 'Run Script' will be run during every build because it does not specify any outputs. To address this warning, either add output dependencies to the script phase, or configure it to run in every build by unchecking "Based on dependency analysis" in the script phase. (in target 'CompilerIdC' from project 'CompilerIdC')
** BUILD FAILED **



Compiling the C compiler identification source file "CMakeCCompilerId.c" failed.
Compiler:  
Build flags: 
Id flags:  

The output was:
65
Command line invocation:
    /Applications/Xcode.app/Contents/Developer/usr/bin/xcodebuild

User defaults from command line:
    IDEPackageSupportUseBuiltinSCM = YES

Computing target dependency graph and provisioning inputs

Create build description
Build description signature: 055f49ecdedb854b57f834801e3af970
Build description path: /Users/victor/Documents/cosim_edf/examples_mac/integrator_grt_fmi_rtw/CMakeFiles/3.22.2/CompilerIdC/./XCBuildData/055f49ecdedb854b57f834801e3af970-desc.xcbuild

warning: Building targets in manual order is deprecated - check "Parallelize build for command-line builds" in the project editor, or set DISABLE_MANUAL_TARGET_ORDER_BUILD_WARNING in any of the targets in the current build to suppress this warning
error: An empty identity is not valid when signing a binary for the product type 'Command-line Tool'. (in target 'CompilerIdC' from project 'CompilerIdC')
warning: Traditional headermap style is no longer supported; please migrate to using separate headermaps and set 'ALWAYS_SEARCH_USER_PATHS' to NO. (in target 'CompilerIdC' from project 'CompilerIdC')
warning: Run script build phase 'Run Script' will be run during every build because it does not specify any outputs. To address this warning, either add output dependencies to the script phase, or configure it to run in every build by unchecking "Based on dependency analysis" in the script phase. (in target 'CompilerIdC' from project 'CompilerIdC')
** BUILD FAILED **



Compiling the CXX compiler identification source file "CMakeCXXCompilerId.cpp" failed.
Compiler:  
Build flags: 
Id flags:  

The output was:
65
Command line invocation:
    /Applications/Xcode.app/Contents/Developer/usr/bin/xcodebuild

User defaults from command line:
    IDEPackageSupportUseBuiltinSCM = YES

Computing target dependency graph and provisioning inputs

Create build description
Build description signature: 7acb1203f811e6ecff4122da217780b1
Build description path: /Users/victor/Documents/cosim_edf/examples_mac/integrator_grt_fmi_rtw/CMakeFiles/3.22.2/CompilerIdCXX/./XCBuildData/7acb1203f811e6ecff4122da217780b1-desc.xcbuild

warning: Building targets in manual order is deprecated - check "Parallelize build for command-line builds" in the project editor, or set DISABLE_MANUAL_TARGET_ORDER_BUILD_WARNING in any of the targets in the current build to suppress this warning
error: An empty identity is not valid when signing a binary for the product type 'Command-line Tool'. (in target 'CompilerIdCXX' from project 'CompilerIdCXX')
warning: Traditional headermap style is no longer supported; please migrate to using separate headermaps and set 'ALWAYS_SEARCH_USER_PATHS' to NO. (in target 'CompilerIdCXX' from project 'CompilerIdCXX')
warning: Run script build phase 'Run Script' will be run during every build because it does not specify any outputs. To address this warning, either add output dependencies to the script phase, or configure it to run in every build by unchecking "Based on dependency analysis" in the script phase. (in target 'CompilerIdCXX' from project 'CompilerIdCXX')
** BUILD FAILED **



Compiling the CXX compiler identification source file "CMakeCXXCompilerId.cpp" failed.
Compiler:  
Build flags: 
Id flags:  

The output was:
65
Command line invocation:
    /Applications/Xcode.app/Contents/Developer/usr/bin/xcodebuild

User defaults from command line:
    IDEPackageSupportUseBuiltinSCM = YES

Computing target dependency graph and provisioning inputs

Create build description
Build description signature: bd7933a6fe121dff3fbab412da9e9c83
Build description path: /Users/victor/Documents/cosim_edf/examples_mac/integrator_grt_fmi_rtw/CMakeFiles/3.22.2/CompilerIdCXX/./XCBuildData/bd7933a6fe121dff3fbab412da9e9c83-desc.xcbuild

warning: Building targets in manual order is deprecated - check "Parallelize build for command-line builds" in the project editor, or set DISABLE_MANUAL_TARGET_ORDER_BUILD_WARNING in any of the targets in the current build to suppress this warning
error: An empty identity is not valid when signing a binary for the product type 'Command-line Tool'. (in target 'CompilerIdCXX' from project 'CompilerIdCXX')
warning: Traditional headermap style is no longer supported; please migrate to using separate headermaps and set 'ALWAYS_SEARCH_USER_PATHS' to NO. (in target 'CompilerIdCXX' from project 'CompilerIdCXX')
warning: Run script build phase 'Run Script' will be run during every build because it does not specify any outputs. To address this warning, either add output dependencies to the script phase, or configure it to run in every build by unchecking "Based on dependency analysis" in the script phase. (in target 'CompilerIdCXX' from project 'CompilerIdCXX')
** BUILD FAILED **



Compiling the C compiler identification source file "CMakeCCompilerId.c" failed.
Compiler: /Applications/Xcode.app/Contents/Developer/Toolchains/XcodeDefault.xctoolchain/usr/bin/cc 
Build flags: 
Id flags:  

The output was:
1
ld: library not found for -lSystem
clang: error: linker command failed with exit code 1 (use -v to see invocation)


Compiling the CXX compiler identification source file "CMakeCXXCompilerId.cpp" failed.
Compiler: /Applications/Xcode.app/Contents/Developer/Toolchains/XcodeDefault.xctoolchain/usr/bin/c++ 
Build flags: 
Id flags:  

The output was:
1
ld: library not found for -lc++
clang: error: linker command failed with exit code 1 (use -v to see invocation)


